[2023-04-14 17:43:06,383] MSDT081/INFO/locust.main: Run time limit set to 10 seconds
[2023-04-14 17:43:06,384] MSDT081/INFO/locust.main: Starting Locust 2.15.1
[2023-04-14 17:43:06,386] MSDT081/INFO/locust.runners: Ramping to 10 users at a rate of 1.00 per second
[2023-04-14 17:43:15,451] MSDT081/INFO/locust.runners: All users spawned: {"MyReqRes": 4, "executeTest": 3, "runtest": 3} (10 total users)
[2023-04-14 17:43:16,053] MSDT081/INFO/locust.main: --run-time limit reached, shutting down
[2023-04-14 17:43:16,127] MSDT081/INFO/locust.main: writing html report to file: Reports\report_04-14-2023___05-43-05-PM.html
[2023-04-14 17:43:16,130] MSDT081/INFO/locust.main: Shutting down (exit code 0)
[2023-04-14 17:44:20,323] MSDT081/INFO/locust.main: Run time limit set to 10 seconds
[2023-04-14 17:44:20,324] MSDT081/INFO/locust.main: Starting Locust 2.15.1
[2023-04-14 17:44:20,326] MSDT081/INFO/locust.runners: Ramping to 10 users at a rate of 1.00 per second
[2023-04-14 17:44:29,404] MSDT081/INFO/locust.runners: All users spawned: {"MyReqRes": 4, "executeTest": 3, "runtest": 3} (10 total users)
[2023-04-14 17:44:29,993] MSDT081/INFO/locust.main: --run-time limit reached, shutting down
[2023-04-14 17:44:30,051] MSDT081/INFO/locust.main: writing html report to file: Reports\report_04-14-2023___05-44-19-PM.html
[2023-04-14 17:44:30,054] MSDT081/INFO/locust.main: Shutting down (exit code 0)
[2023-04-17 13:14:55,585] MSDT081/INFO/locust.main: Run time limit set to 10 seconds
[2023-04-17 13:14:55,585] MSDT081/INFO/locust.main: Starting Locust 2.15.1
[2023-04-17 13:14:55,588] MSDT081/INFO/locust.runners: Ramping to 10 users at a rate of 1.00 per second
[2023-04-17 13:15:04,658] MSDT081/INFO/locust.runners: All users spawned: {"MyReqRes": 4, "executeTest": 3, "runtest": 3} (10 total users)
[2023-04-17 13:15:05,092] MSDT081/INFO/locust.main: --run-time limit reached, shutting down
[2023-04-17 13:15:05,160] MSDT081/INFO/locust.main: writing html report to file: Reports\report_04-17-2023___01-14-54-PM.html
[2023-04-17 13:15:05,164] MSDT081/INFO/locust.main: Shutting down (exit code 0)
[2023-04-17 14:31:38,159] MSDT081/INFO/locust.main: Run time limit set to 10 seconds
[2023-04-17 14:31:38,159] MSDT081/INFO/locust.main: Starting Locust 2.15.1
[2023-04-17 14:31:38,160] MSDT081/INFO/locust.runners: Ramping to 10 users at a rate of 1.00 per second
